{"uid":"f965bb6c1309c8ff","name":"Valida preenchimento dos campos e preenche formulario","fullName":"TesteVericode/Features/Formulario Enter Vehicle Data/Valida preenchimento dos campos e preenche formulario","historyId":"69fcedd2695a7e3a4f17fc46a7450b42","time":{"start":1743217209268,"stop":1743217212458,"duration":3190},"status":"failed","statusMessage":"  O aviso esperado para o campo Engine Performance não foi exibido.\r\n  Expected: \"Must be a number between 1 and 1000\"\r\n  But was:  null\r\n","statusTrace":"NUnit.Framework.AssertionException:   O aviso esperado para o campo Engine Performance não foi exibido.\r\n  Expected: \"Must be a number between 1 and 1000\"\r\n  But was:  null\r\n\r\n   at NUnit.Framework.Assert.ReportFailure(String message)\r\n   at NUnit.Framework.Assert.ReportFailure(ConstraintResult result, String message, Object[] args)\r\n   at NUnit.Framework.Assert.That[TActual](TActual actual, IResolveConstraint expression, String message, Object[] args)\r\n   at NUnit.Framework.Assert.AreEqual(Object expected, Object actual, String message, Object[] args)\r\n   at TesteVericode.StepDefinitions.EnterVehicleDataSteps.WhenOCampoForPreenchidoComValorInvalidoEExibidoOAviso(Table dataTable) in C:\\TesteVericode\\StepDefinitions\\EnterVehicleDataSteps.cs:line 34\r\n   at System.RuntimeMethodHandle.InvokeMethod(Object target, Void** arguments, Signature sig, Boolean isConstructor)\r\n   at System.Reflection.MethodBaseInvoker.InvokeDirectByRefWithFewArgs(Object obj, Span`1 copyOfArgs, BindingFlags invokeAttr)\r\n--- End of stack trace from previous location ---\r\n   at Reqnroll.Bindings.BindingInvoker.InvokeBindingAsync(IBinding binding, IContextManager contextManager, Object[] arguments, ITestTracer testTracer, DurationHolder durationHolder)\r\n   at Reqnroll.Infrastructure.TestExecutionEngine.ExecuteStepMatchAsync(BindingMatch match, Object[] arguments, DurationHolder durationHolder)\r\n   at Reqnroll.Infrastructure.TestExecutionEngine.ExecuteStepAsync(IContextManager contextManager, StepInstance stepInstance)\r\n   at Reqnroll.Infrastructure.TestExecutionEngine.OnAfterLastStepAsync()\r\n   at Reqnroll.TestRunner.CollectScenarioErrorsAsync()\r\n   at Allure.ReqnrollPlugin.SelectiveRun.TestPlanAwareTestRunner.CollectScenarioErrorsAsync()\r\n   at TesteVericode.Features.FormularioEnterVehicleDataFeature.ScenarioCleanupAsync()\r\n   at TesteVericode.Features.FormularioEnterVehicleDataFeature.ValidaPreenchimentoDosCamposEPreencheFormulario() in C:\\TesteVericode\\Features\\EnterVehicleData.feature:line 12\r\n   at NUnit.Framework.Internal.TaskAwaitAdapter.GenericAdapter`1.GetResult()\r\n   at NUnit.Framework.Internal.AsyncToSyncAdapter.Await(Func`1 invoke)\r\n   at NUnit.Framework.Internal.Commands.TestMethodCommand.RunTestMethod(TestExecutionContext context)\r\n   at NUnit.Framework.Internal.Commands.TestMethodCommand.Execute(TestExecutionContext context)\r\n   at NUnit.Framework.Internal.Commands.BeforeAndAfterTestCommand.<>c__DisplayClass1_0.<Execute>b__0()\r\n   at NUnit.Framework.Internal.Commands.DelegatingTestCommand.RunTestMethodInThreadAbortSafeZone(TestExecutionContext context, Action action)","flaky":false,"newFailed":false,"newBroken":false,"newPassed":false,"retriesCount":0,"retriesStatusChange":false,"beforeStages":[],"testStage":{"status":"failed","statusMessage":"  O aviso esperado para o campo Engine Performance não foi exibido.\r\n  Expected: \"Must be a number between 1 and 1000\"\r\n  But was:  null\r\n","statusTrace":"NUnit.Framework.AssertionException:   O aviso esperado para o campo Engine Performance não foi exibido.\r\n  Expected: \"Must be a number between 1 and 1000\"\r\n  But was:  null\r\n\r\n   at NUnit.Framework.Assert.ReportFailure(String message)\r\n   at NUnit.Framework.Assert.ReportFailure(ConstraintResult result, String message, Object[] args)\r\n   at NUnit.Framework.Assert.That[TActual](TActual actual, IResolveConstraint expression, String message, Object[] args)\r\n   at NUnit.Framework.Assert.AreEqual(Object expected, Object actual, String message, Object[] args)\r\n   at TesteVericode.StepDefinitions.EnterVehicleDataSteps.WhenOCampoForPreenchidoComValorInvalidoEExibidoOAviso(Table dataTable) in C:\\TesteVericode\\StepDefinitions\\EnterVehicleDataSteps.cs:line 34\r\n   at System.RuntimeMethodHandle.InvokeMethod(Object target, Void** arguments, Signature sig, Boolean isConstructor)\r\n   at System.Reflection.MethodBaseInvoker.InvokeDirectByRefWithFewArgs(Object obj, Span`1 copyOfArgs, BindingFlags invokeAttr)\r\n--- End of stack trace from previous location ---\r\n   at Reqnroll.Bindings.BindingInvoker.InvokeBindingAsync(IBinding binding, IContextManager contextManager, Object[] arguments, ITestTracer testTracer, DurationHolder durationHolder)\r\n   at Reqnroll.Infrastructure.TestExecutionEngine.ExecuteStepMatchAsync(BindingMatch match, Object[] arguments, DurationHolder durationHolder)\r\n   at Reqnroll.Infrastructure.TestExecutionEngine.ExecuteStepAsync(IContextManager contextManager, StepInstance stepInstance)\r\n   at Reqnroll.Infrastructure.TestExecutionEngine.OnAfterLastStepAsync()\r\n   at Reqnroll.TestRunner.CollectScenarioErrorsAsync()\r\n   at Allure.ReqnrollPlugin.SelectiveRun.TestPlanAwareTestRunner.CollectScenarioErrorsAsync()\r\n   at TesteVericode.Features.FormularioEnterVehicleDataFeature.ScenarioCleanupAsync()\r\n   at TesteVericode.Features.FormularioEnterVehicleDataFeature.ValidaPreenchimentoDosCamposEPreencheFormulario() in C:\\TesteVericode\\Features\\EnterVehicleData.feature:line 12\r\n   at NUnit.Framework.Internal.TaskAwaitAdapter.GenericAdapter`1.GetResult()\r\n   at NUnit.Framework.Internal.AsyncToSyncAdapter.Await(Func`1 invoke)\r\n   at NUnit.Framework.Internal.Commands.TestMethodCommand.RunTestMethod(TestExecutionContext context)\r\n   at NUnit.Framework.Internal.Commands.TestMethodCommand.Execute(TestExecutionContext context)\r\n   at NUnit.Framework.Internal.Commands.BeforeAndAfterTestCommand.<>c__DisplayClass1_0.<Execute>b__0()\r\n   at NUnit.Framework.Internal.Commands.DelegatingTestCommand.RunTestMethodInThreadAbortSafeZone(TestExecutionContext context, Action action)","steps":[{"name":"Given que eu acesse a pagina Tricentis","time":{"start":1743217209282,"stop":1743217211753,"duration":2471},"status":"passed","steps":[],"attachments":[],"parameters":[],"hasContent":false,"attachmentStep":false,"stepsCount":0,"shouldDisplayMessage":false,"attachmentsCount":0},{"name":"When o [Campo] for preenchido com [Valor] invalido e exibido o [Aviso]","time":{"start":1743217211783,"stop":1743217212444,"duration":661},"status":"failed","statusMessage":"  O aviso esperado para o campo Engine Performance não foi exibido.\r\n  Expected: \"Must be a number between 1 and 1000\"\r\n  But was:  null\r\n","statusTrace":"NUnit.Framework.AssertionException:   O aviso esperado para o campo Engine Performance não foi exibido.\r\n  Expected: \"Must be a number between 1 and 1000\"\r\n  But was:  null\r\n\r\n   at NUnit.Framework.Assert.ReportFailure(String message)\r\n   at NUnit.Framework.Assert.ReportFailure(ConstraintResult result, String message, Object[] args)\r\n   at NUnit.Framework.Assert.That[TActual](TActual actual, IResolveConstraint expression, String message, Object[] args)\r\n   at NUnit.Framework.Assert.AreEqual(Object expected, Object actual, String message, Object[] args)\r\n   at TesteVericode.StepDefinitions.EnterVehicleDataSteps.WhenOCampoForPreenchidoComValorInvalidoEExibidoOAviso(Table dataTable) in C:\\TesteVericode\\StepDefinitions\\EnterVehicleDataSteps.cs:line 34\r\n   at System.RuntimeMethodHandle.InvokeMethod(Object target, Void** arguments, Signature sig, Boolean isConstructor)\r\n   at System.Reflection.MethodBaseInvoker.InvokeDirectByRefWithFewArgs(Object obj, Span`1 copyOfArgs, BindingFlags invokeAttr)\r\n--- End of stack trace from previous location ---\r\n   at Reqnroll.Bindings.BindingInvoker.InvokeBindingAsync(IBinding binding, IContextManager contextManager, Object[] arguments, ITestTracer testTracer, DurationHolder durationHolder)\r\n   at Reqnroll.Infrastructure.TestExecutionEngine.ExecuteStepMatchAsync(BindingMatch match, Object[] arguments, DurationHolder durationHolder)\r\n   at Reqnroll.Infrastructure.TestExecutionEngine.ExecuteStepAsync(IContextManager contextManager, StepInstance stepInstance)","steps":[],"attachments":[{"uid":"c4f97b013f57b3a5","name":"Data Table","source":"c4f97b013f57b3a5.csv","type":"text/csv","size":138},{"uid":"eff0394590066aa","name":"Failed Screenshot","source":"eff0394590066aa.png","type":"application/png","size":64875}],"parameters":[],"hasContent":true,"attachmentStep":false,"stepsCount":0,"shouldDisplayMessage":true,"attachmentsCount":2}],"attachments":[],"parameters":[],"hasContent":true,"attachmentStep":false,"stepsCount":2,"shouldDisplayMessage":false,"attachmentsCount":2},"afterStages":[],"labels":[{"name":"host","value":"NOTE-THIAGO"},{"name":"thread","value":"NonParallelWorker"},{"name":"language","value":"C#"},{"name":"framework","value":"Reqnroll"},{"name":"package","value":"Features.Formulario Enter Vehicle Data"},{"name":"feature","value":"Formulario Enter Vehicle Data"},{"name":"tag","value":"test"},{"name":"resultFormat","value":"allure2"}],"parameters":[],"links":[],"hidden":true,"retry":true,"extra":{"categories":[],"tags":["test"]},"source":"f965bb6c1309c8ff.json","parameterValues":[]}